RESIDUE        AVERAGE     STDEV       MIN        MAX        DIFF 
NTR+A0006_      0.447      0.464      0.000      1.000      1.000
LYS+A0006_      0.752      0.393      0.000      1.000      1.000
HIS+A0008_      0.549      0.464      0.000      1.000      1.000
LYS+A0009_      0.839      0.317      0.020      1.000      0.980
GLU-A0010_     -0.864      0.291     -1.000     -0.040      0.960
LYS+A0016_      0.756      0.389      0.000      1.000      1.000
ASP-A0019_     -0.572      0.441     -1.000     -0.010      0.990
ASP-A0021_     -0.917      0.122     -1.000     -0.630      0.170
LYS+A0024_      0.685      0.429      0.000      1.000      1.000
TYR-A0027_      0.000      0.000     -0.000     -0.000      0.000
LYS+A0028_      0.785      0.371      0.000      1.000      1.000
ARG+A0035_      0.975      0.080      0.680      1.000      0.320
ASP-A0040_     -0.584      0.446     -1.000     -0.000      1.000
GLU-A0043_     -0.705      0.405     -1.000     -0.000      1.000
GLU-A0052_     -0.685      0.418     -1.000     -0.000      1.000
LYS+A0053_      0.822      0.322      0.020      1.000      0.980
TYR-A0054_     -0.197      0.340     -0.990     -0.000      0.990
GLU-A0057_     -0.715      0.415     -1.000     -0.000      1.000
LYS+A0063_      0.845      0.313      0.020      1.000      0.980
LYS+A0064_      0.781      0.371      0.000      1.000      1.000
GLU-A0067_     -0.843      0.319     -1.000     -0.020      0.980
LYS+A0070_      0.782      0.368      0.000      1.000      1.000
LYS+A0071_      0.739      0.396      0.000      1.000      1.000
GLU-A0073_     -0.731      0.403     -1.000     -0.000      1.000
GLU-A0075_     -0.798      0.341     -1.000     -0.020      0.980
ASP-A0077_     -0.961      0.108     -1.000     -0.570      0.430
LYS+A0078_      0.743      0.398      0.000      1.000      1.000
ARG+A0081_      0.985      0.050      0.800      1.000      0.200
ASP-A0083_     -1.000      0.000     -1.000     -1.000      0.000
LYS+A0084_      0.735      0.380      0.000      1.000      1.000
TYR-A0085_     -0.261      0.384     -1.000     -0.000      1.000
ARG+A0087_      1.000      0.000      1.000      1.000      0.000
TYR-A0091_      0.000      0.000     -0.000     -0.000      0.000
LYS+A0092_      0.000      0.000      0.000      0.000      0.000
TYR-A0093_      0.000      0.000     -0.000     -0.000      0.000
ASP-A0095_     -0.876      0.278     -1.000     -0.050      0.950
LYS+A0097_      0.758      0.384      0.000      1.000      1.000
GLU-A0101_     -0.744      0.394     -1.000     -0.000      1.000
ARG+A0105_      0.988      0.040      0.840      1.000      0.160
LYS+A0110_      0.814      0.338      0.010      1.000      0.990
TYR-A0113_     -0.087      0.211     -0.810     -0.000      0.810
TYR-A0115_     -0.253      0.385     -0.990     -0.000      0.990
LYS+A0116_      0.727      0.408      0.000      1.000      1.000
HIS+A0121_      0.468      0.462      0.000      1.000      1.000
GLU-A0122_     -0.864      0.295     -1.000     -0.040      0.960
ARG+A0126_      0.998      0.007      0.970      1.000      0.030
LYS+A0127_      0.737      0.399      0.000      1.000      1.000
GLU-A0129_     -0.745      0.395     -1.000     -0.000      1.000
LYS+A0133_      0.739      0.396      0.000      1.000      1.000
LYS+A0134_      0.744      0.397      0.000      1.000      1.000
GLU-A0135_     -0.850      0.310     -1.000     -0.020      0.980
LYS+A0136_      0.781      0.373      0.000      1.000      1.000
CTR-A0141_     -0.713      0.415     -1.000     -0.000      1.000
_CA+A0502_      0.000      0.000      0.000      0.000      0.000
Net_Charge      6.000      12.960     -17.420      24.390      41.810
Protons         6.000      12.960     -17.420      24.390      41.810
Electrons       0.000      0.000      0.000      0.000      0.000
