  pH           0     1     2     3     4     5     6     7     8     9    10    11    12    13    14
NTR+A0006_  1.00  1.00  1.00  1.00  0.99  0.93  0.59  0.16  0.03  0.00  0.00  0.00  0.00  0.00  0.00
LYS+A0006_  1.00  1.00  1.00  1.00  1.00  1.00  1.00  1.00  1.00  0.98  0.83  0.38  0.08  0.01  0.00
HIS+A0008_  1.00  1.00  1.00  1.00  1.00  0.99  0.97  0.83  0.38  0.06  0.01  0.00  0.00  0.00  0.00
LYS+A0009_  1.00  1.00  1.00  1.00  1.00  1.00  1.00  1.00  1.00  1.00  0.97  0.88  0.58  0.14  0.02
GLU-A0010_ -0.04 -0.26 -0.73 -0.94 -0.99 -1.00 -1.00 -1.00 -1.00 -1.00 -1.00 -1.00 -1.00 -1.00 -1.00
LYS+A0016_  1.00  1.00  1.00  1.00  1.00  1.00  1.00  1.00  1.00  0.97  0.84  0.43  0.09  0.01  0.00
ASP-A0019_ -0.01 -0.01 -0.01 -0.04 -0.03 -0.23 -0.54 -0.78 -0.94 -0.99 -1.00 -1.00 -1.00 -1.00 -1.00
ASP-A0021_ -0.83 -0.97 -0.98 -0.97 -1.00 -0.84 -0.63 -0.65 -0.90 -0.98 -1.00 -1.00 -1.00 -1.00 -1.00
LYS+A0024_  1.00  1.00  1.00  1.00  1.00  1.00  1.00  1.00  0.98  0.83  0.37  0.08  0.01  0.00  0.00
TYR-A0027_ -0.00 -0.00 -0.00 -0.00 -0.00 -0.00 -0.00 -0.00 -0.00 -0.00 -0.00 -0.00 -0.00 -0.00 -0.00
LYS+A0028_  1.00  1.00  1.00  1.00  1.00  1.00  1.00  1.00  1.00  0.99  0.94  0.65  0.18  0.02  0.00
ARG+A0035_  1.00  1.00  1.00  1.00  1.00  1.00  1.00  1.00  1.00  1.00  1.00  1.00  1.00  0.95  0.68
ASP-A0040_ -0.00 -0.00 -0.00 -0.03 -0.04 -0.26 -0.62 -0.85 -0.96 -1.00 -1.00 -1.00 -1.00 -1.00 -1.00
GLU-A0043_ -0.00 -0.00 -0.03 -0.21 -0.59 -0.82 -0.94 -0.98 -1.00 -1.00 -1.00 -1.00 -1.00 -1.00 -1.00
GLU-A0052_ -0.00 -0.00 -0.02 -0.13 -0.42 -0.77 -0.95 -0.99 -1.00 -1.00 -1.00 -1.00 -1.00 -1.00 -1.00
LYS+A0053_  1.00  1.00  1.00  1.00  1.00  1.00  1.00  1.00  1.00  0.99  0.95  0.75  0.47  0.15  0.02
TYR-A0054_ -0.00 -0.00 -0.00 -0.00 -0.00 -0.00 -0.00 -0.00 -0.00 -0.01 -0.08 -0.34 -0.65 -0.89 -0.99
GLU-A0057_ -0.00 -0.00 -0.02 -0.17 -0.62 -0.93 -0.99 -1.00 -1.00 -1.00 -1.00 -1.00 -1.00 -1.00 -1.00
LYS+A0063_  1.00  1.00  1.00  1.00  1.00  1.00  1.00  1.00  1.00  1.00  0.98  0.90  0.61  0.16  0.02
LYS+A0064_  1.00  1.00  1.00  1.00  1.00  1.00  1.00  1.00  1.00  0.99  0.92  0.60  0.18  0.03  0.00
GLU-A0067_ -0.02 -0.14 -0.56 -0.93 -0.99 -1.00 -1.00 -1.00 -1.00 -1.00 -1.00 -1.00 -1.00 -1.00 -1.00
LYS+A0070_  1.00  1.00  1.00  1.00  1.00  1.00  1.00  1.00  1.00  0.99  0.90  0.61  0.20  0.03  0.00
LYS+A0071_  1.00  1.00  1.00  1.00  1.00  1.00  1.00  1.00  0.99  0.96  0.73  0.31  0.08  0.01  0.00
GLU-A0073_ -0.00 -0.01 -0.06 -0.25 -0.70 -0.95 -0.99 -1.00 -1.00 -1.00 -1.00 -1.00 -1.00 -1.00 -1.00
GLU-A0075_ -0.02 -0.09 -0.32 -0.70 -0.90 -0.97 -0.98 -0.99 -1.00 -1.00 -1.00 -1.00 -1.00 -1.00 -1.00
ASP-A0077_ -0.57 -0.90 -0.96 -0.99 -1.00 -1.00 -1.00 -1.00 -1.00 -1.00 -1.00 -1.00 -1.00 -1.00 -1.00
LYS+A0078_  1.00  1.00  1.00  1.00  1.00  1.00  1.00  1.00  1.00  0.97  0.77  0.33  0.06  0.01  0.00
ARG+A0081_  1.00  1.00  1.00  1.00  1.00  1.00  1.00  1.00  1.00  1.00  1.00  1.00  1.00  0.98  0.80
ASP-A0083_ -1.00 -1.00 -1.00 -1.00 -1.00 -1.00 -1.00 -1.00 -1.00 -1.00 -1.00 -1.00 -1.00 -1.00 -1.00
LYS+A0084_  1.00  1.00  1.00  1.00  1.00  1.00  1.00  1.00  0.98  0.87  0.60  0.40  0.15  0.02  0.00
TYR-A0085_ -0.00 -0.00 -0.00 -0.00 -0.00 -0.00 -0.00 -0.00 -0.01 -0.09 -0.34 -0.61 -0.88 -0.98 -1.00
ARG+A0087_  1.00  1.00  1.00  1.00  1.00  1.00  1.00  1.00  1.00  1.00  1.00  1.00  1.00  1.00  1.00
TYR-A0091_ -0.00 -0.00 -0.00 -0.00 -0.00 -0.00 -0.00 -0.00 -0.00 -0.00 -0.00 -0.00 -0.00 -0.00 -0.00
LYS+A0092_  0.00  0.00  0.00  0.00  0.00  0.00  0.00  0.00  0.00  0.00  0.00  0.00  0.00  0.00  0.00
TYR-A0093_ -0.00 -0.00 -0.00 -0.00 -0.00 -0.00 -0.00 -0.00 -0.00 -0.00 -0.00 -0.00 -0.00 -0.00 -0.00
ASP-A0095_ -0.05 -0.33 -0.80 -0.97 -0.99 -1.00 -1.00 -1.00 -1.00 -1.00 -1.00 -1.00 -1.00 -1.00 -1.00
LYS+A0097_  1.00  1.00  1.00  1.00  1.00  1.00  1.00  1.00  1.00  0.97  0.83  0.44  0.11  0.02  0.00
GLU-A0101_ -0.00 -0.02 -0.07 -0.34 -0.78 -0.96 -0.99 -1.00 -1.00 -1.00 -1.00 -1.00 -1.00 -1.00 -1.00
ARG+A0105_  1.00  1.00  1.00  1.00  1.00  1.00  1.00  1.00  1.00  1.00  1.00  1.00  1.00  0.98  0.84
LYS+A0110_  1.00  1.00  1.00  1.00  1.00  1.00  1.00  1.00  1.00  0.99  0.95  0.78  0.39  0.09  0.01
TYR-A0113_ -0.00 -0.00 -0.00 -0.00 -0.00 -0.00 -0.00 -0.00 -0.00 -0.00 -0.01 -0.04 -0.10 -0.34 -0.81
TYR-A0115_ -0.00 -0.00 -0.00 -0.00 -0.00 -0.00 -0.00 -0.00 -0.01 -0.05 -0.25 -0.64 -0.89 -0.97 -0.99
LYS+A0116_  1.00  1.00  1.00  1.00  1.00  1.00  1.00  1.00  0.99  0.95  0.69  0.23  0.04  0.00  0.00
HIS+A0121_  1.00  1.00  1.00  0.99  0.98  0.95  0.75  0.29  0.05  0.01  0.00  0.00  0.00  0.00  0.00
GLU-A0122_ -0.04 -0.23 -0.74 -0.95 -1.00 -1.00 -1.00 -1.00 -1.00 -1.00 -1.00 -1.00 -1.00 -1.00 -1.00
ARG+A0126_  1.00  1.00  1.00  1.00  1.00  1.00  1.00  1.00  1.00  1.00  1.00  1.00  1.00  1.00  0.97
LYS+A0127_  1.00  1.00  1.00  1.00  1.00  1.00  1.00  1.00  1.00  0.96  0.72  0.30  0.06  0.01  0.00
GLU-A0129_ -0.00 -0.01 -0.07 -0.35 -0.79 -0.96 -0.99 -1.00 -1.00 -1.00 -1.00 -1.00 -1.00 -1.00 -1.00
LYS+A0133_  1.00  1.00  1.00  1.00  1.00  1.00  1.00  1.00  1.00  0.96  0.73  0.31  0.08  0.01  0.00
LYS+A0134_  1.00  1.00  1.00  1.00  1.00  1.00  1.00  1.00  1.00  0.97  0.78  0.33  0.07  0.01  0.00
GLU-A0135_ -0.02 -0.18 -0.63 -0.93 -0.99 -1.00 -1.00 -1.00 -1.00 -1.00 -1.00 -1.00 -1.00 -1.00 -1.00
LYS+A0136_  1.00  1.00  1.00  1.00  1.00  1.00  1.00  1.00  1.00  0.99  0.92  0.61  0.17  0.02  0.00
CTR-A0141_ -0.00 -0.00 -0.02 -0.17 -0.60 -0.92 -0.99 -1.00 -1.00 -1.00 -1.00 -1.00 -1.00 -1.00 -1.00
_CA+A0502_  0.00  0.00  0.00  0.00  0.00  0.00  0.00  0.00  0.00  0.00  0.00  0.00  0.00  0.00  0.00
----------
Net_Charge 24.39 22.85 19.96 16.93 13.53 11.25  9.67  8.03  6.57  5.28  1.76 -5.32 -11.94 -15.54 -17.42
Protons    24.39 22.85 19.96 16.93 13.53 11.25  9.67  8.03  6.57  5.28  1.76 -5.32 -11.94 -15.54 -17.42
Electrons   0.00  0.00  0.00  0.00  0.00  0.00  0.00  0.00  0.00  0.00  0.00  0.00  0.00  0.00  0.00
